This is pdfTeX, Version 3.14159265-2.6-1.40.21 (MiKTeX 2.9.7440 64-bit) (preloaded format=pdflatex 2020.6.6)  6 JUN 2020 01:33
entering extended mode
**./annotated.tex
(annotated.tex
LaTeX2e <2020-02-02> patch level 5
L3 programming layer <2020-05-15>
! Undefined control sequence.
l.1 \doxysection
                {Class List}
The control sequence at the end of the top line
of your error message was never \def'ed. If you have
misspelled it (e.g., `\hobx'), type `I' and the correct
spelling (e.g., `I\hbox'). Otherwise just continue,
and I'll forget about whatever was undefined.


! LaTeX Error: Missing \begin{document}.

See the LaTeX manual or LaTeX Companion for explanation.
Type  H <return>  for immediate help.
 ...                                              
                                                  
l.1 \doxysection{C
                  lass List}
You're in trouble here.  Try typing  <return>  to proceed.
If that doesn't work, type  X <return>  to quit.

Missing character: There is no C in font nullfont!
Missing character: There is no l in font nullfont!
Missing character: There is no a in font nullfont!
Missing character: There is no s in font nullfont!
Missing character: There is no s in font nullfont!
Missing character: There is no L in font nullfont!
Missing character: There is no i in font nullfont!
Missing character: There is no s in font nullfont!
Missing character: There is no t in font nullfont!
Missing character: There is no H in font nullfont!
Missing character: There is no e in font nullfont!
Missing character: There is no r in font nullfont!
Missing character: There is no e in font nullfont!
Missing character: There is no a in font nullfont!
Missing character: There is no r in font nullfont!
Missing character: There is no e in font nullfont!
Missing character: There is no t in font nullfont!
Missing character: There is no h in font nullfont!
Missing character: There is no e in font nullfont!
Missing character: There is no c in font nullfont!
Missing character: There is no l in font nullfont!
Missing character: There is no a in font nullfont!
Missing character: There is no s in font nullfont!
Missing character: There is no s in font nullfont!
Missing character: There is no e in font nullfont!
Missing character: There is no s in font nullfont!
Missing character: There is no , in font nullfont!
Missing character: There is no s in font nullfont!
Missing character: There is no t in font nullfont!
Missing character: There is no r in font nullfont!
Missing character: There is no u in font nullfont!
Missing character: There is no c in font nullfont!
Missing character: There is no t in font nullfont!
Missing character: There is no s in font nullfont!
Missing character: There is no , in font nullfont!
Missing character: There is no u in font nullfont!
Missing character: There is no n in font nullfont!
Missing character: There is no i in font nullfont!
Missing character: There is no o in font nullfont!
Missing character: There is no n in font nullfont!
Missing character: There is no s in font nullfont!
Missing character: There is no a in font nullfont!
Missing character: There is no n in font nullfont!
Missing character: There is no d in font nullfont!
Missing character: There is no i in font nullfont!
Missing character: There is no n in font nullfont!
Missing character: There is no t in font nullfont!
Missing character: There is no e in font nullfont!
Missing character: There is no r in font nullfont!
Missing character: There is no f in font nullfont!
Missing character: There is no a in font nullfont!
Missing character: There is no c in font nullfont!
Missing character: There is no e in font nullfont!
Missing character: There is no s in font nullfont!
Missing character: There is no w in font nullfont!
Missing character: There is no i in font nullfont!
Missing character: There is no t in font nullfont!
Missing character: There is no h in font nullfont!
Missing character: There is no b in font nullfont!
Missing character: There is no r in font nullfont!
Missing character: There is no i in font nullfont!
Missing character: There is no e in font nullfont!
Missing character: There is no f in font nullfont!
Missing character: There is no d in font nullfont!
Missing character: There is no e in font nullfont!
Missing character: There is no s in font nullfont!
Missing character: There is no c in font nullfont!
Missing character: There is no r in font nullfont!
Missing character: There is no i in font nullfont!
Missing character: There is no p in font nullfont!
Missing character: There is no t in font nullfont!
Missing character: There is no i in font nullfont!
Missing character: There is no o in font nullfont!
Missing character: There is no n in font nullfont!
Missing character: There is no s in font nullfont!
! Undefined control sequence.
l.2 ...ns and interfaces with brief descriptions\+
                                                  :\begin{DoxyCompactList}
The control sequence at the end of the top line
of your error message was never \def'ed. If you have
misspelled it (e.g., `\hobx'), type `I' and the correct
spelling (e.g., `I\hbox'). Otherwise just continue,
and I'll forget about whatever was undefined.

Missing character: There is no : in font nullfont!

! LaTeX Error: Environment DoxyCompactList undefined.

See the LaTeX manual or LaTeX Companion for explanation.
Type  H <return>  for immediate help.
 ...                                              
                                                  
l.2 ...rief descriptions\+:\begin{DoxyCompactList}
                                                  
Your command was ignored.
Type  I <command> <return>  to replace it with another command,
or  <return>  to continue without it.


Overfull \hbox (20.0pt too wide) in paragraph at lines 1--3
[]
 []


! LaTeX Error: Lonely \item--perhaps a missing list environment.

See the LaTeX manual or LaTeX Companion for explanation.
Type  H <return>  for immediate help.
 ...                                              
                                                  
l.3 \item\contentsline
                      {section}{\mbox{\hyperlink{class_windows_forms_app1_1_...

Try typing  <return>  to proceed.
If that doesn't work, type  X <return>  to quit.

! Undefined control sequence.
<argument> \hyperlink 
                      {class_windows_forms_app1_1_1_bubble_sorter}{Windows\+...
l.3 ...ws\+Forms\+App1.\+Bubble\+Sorter$<$ T $>$}}
                                                   \\*–†–µ–∞–ª–∏–∑–∞—Ü–∏—è —...
The control sequence at the end of the top line
of your error message was never \def'ed. If you have
misspelled it (e.g., `\hobx'), type `I' and the correct
spelling (e.g., `I\hbox'). Otherwise just continue,
and I'll forget about whatever was undefined.

Missing character: There is no c in font nullfont!
Missing character: There is no l in font nullfont!
Missing character: There is no a in font nullfont!
Missing character: There is no s in font nullfont!
Missing character: There is no s in font nullfont!
! Missing $ inserted.
<inserted text> 
                $
l.3 ...ws\+Forms\+App1.\+Bubble\+Sorter$<$ T $>$}}
                                                   \\*–†–µ–∞–ª–∏–∑–∞—Ü–∏—è —...
I've inserted a begin-math/end-math symbol since I think
you left one out. Proceed, with fingers crossed.

LaTeX Font Info:    External font `cmex10' loaded for size
(Font)              <7> on input line 3.
LaTeX Font Info:    External font `cmex10' loaded for size
(Font)              <5> on input line 3.
! Double subscript.
<argument> \hyperlink {class_windows_forms_app1_1_
                                                  1_bubble_sorter}{Windows\+...
l.3 ...ws\+Forms\+App1.\+Bubble\+Sorter$<$ T $>$}}
                                                   \\*–†–µ–∞–ª–∏–∑–∞—Ü–∏—è —...
I treat `x_1_2' essentially like `x_1{}_2'.

! Double subscript.
<argument> ...rlink {class_windows_forms_app1_1_1_
                                                  bubble_sorter}{Windows\+Fo...
l.3 ...ws\+Forms\+App1.\+Bubble\+Sorter$<$ T $>$}}
                                                   \\*–†–µ–∞–ª–∏–∑–∞—Ü–∏—è —...
I treat `x_1_2' essentially like `x_1{}_2'.

! Extra }, or forgotten $.
<argument> ...indows_forms_app1_1_1_bubble_sorter}
                                                  {Windows\+Forms\+App1.\+Bu...
l.3 ...ws\+Forms\+App1.\+Bubble\+Sorter$<$ T $>$}}
                                                   \\*–†–µ–∞–ª–∏–∑–∞—Ü–∏—è —...
I've deleted a group-closing symbol because it seems to be
spurious, as in `$x}$'. But perhaps the } is legitimate and
you forgot something else, as in `\hbox{$x}'. In such cases
the way to recover is to insert both the forgotten and the
deleted material, e.g., by typing `I$}'.

! Undefined control sequence.
<argument> ...ms_app1_1_1_bubble_sorter}{Windows\+
                                                  Forms\+App1.\+Bubble\+Sort...
l.3 ...ws\+Forms\+App1.\+Bubble\+Sorter$<$ T $>$}}
                                                   \\*–†–µ–∞–ª–∏–∑–∞—Ü–∏—è —...
The control sequence at the end of the top line
of your error message was never \def'ed. If you have
misspelled it (e.g., `\hobx'), type `I' and the correct
spelling (e.g., `I\hbox'). Otherwise just continue,
and I'll forget about whatever was undefined.

! Undefined control sequence.
<argument> ..._1_1_bubble_sorter}{Windows\+Forms\+
                                                  App1.\+Bubble\+Sorter$<$ T...
l.3 ...ws\+Forms\+App1.\+Bubble\+Sorter$<$ T $>$}}
                                                   \\*–†–µ–∞–ª–∏–∑–∞—Ü–∏—è —...
The control sequence at the end of the top line
of your error message was never \def'ed. If you have
misspelled it (e.g., `\hobx'), type `I' and the correct
spelling (e.g., `I\hbox'). Otherwise just continue,
and I'll forget about whatever was undefined.

! Undefined control sequence.
<argument> ...bble_sorter}{Windows\+Forms\+App1.\+
                                                  Bubble\+Sorter$<$ T $>$}
l.3 ...ws\+Forms\+App1.\+Bubble\+Sorter$<$ T $>$}}
                                                   \\*–†–µ–∞–ª–∏–∑–∞—Ü–∏—è —...
The control sequence at the end of the top line
of your error message was never \def'ed. If you have
misspelled it (e.g., `\hobx'), type `I' and the correct
spelling (e.g., `I\hbox'). Otherwise just continue,
and I'll forget about whatever was undefined.

! Undefined control sequence.
<argument> ...ter}{Windows\+Forms\+App1.\+Bubble\+
                                                  Sorter$<$ T $>$}
l.3 ...ws\+Forms\+App1.\+Bubble\+Sorter$<$ T $>$}}
                                                   \\*–†–µ–∞–ª–∏–∑–∞—Ü–∏—è —...
The control sequence at the end of the top line
of your error message was never \def'ed. If you have
misspelled it (e.g., `\hobx'), type `I' and the correct
spelling (e.g., `I\hbox'). Otherwise just continue,
and I'll forget about whatever was undefined.

! Missing } inserted.
<inserted text> 
                }
l.3 ...ws\+Forms\+App1.\+Bubble\+Sorter$<$ T $>$}}
                                                   \\*–†–µ–∞–ª–∏–∑–∞—Ü–∏—è —...
I've inserted something that you may have forgotten.
(See the <inserted text> above.)
With luck, this will get me unwedged. But if you
really didn't forget anything, try typing `2' now; then
my insertion and my current dilemma will both disappear.

Missing character: There is no < in font nullfont!
Missing character: There is no > in font nullfont!
! Extra }, or forgotten $.
<recently read> }
                 
l.3 ...ws\+Forms\+App1.\+Bubble\+Sorter$<$ T $>$}}
                                                   \\*–†–µ–∞–ª–∏–∑–∞—Ü–∏—è —...
I've deleted a group-closing symbol because it seems to be
spurious, as in `$x}$'. But perhaps the } is legitimate and
you forgot something else, as in `\hbox{$x}'. In such cases
the way to recover is to insert both the forgotten and the
deleted material, e.g., by typing `I$}'.

! Extra }, or forgotten $.
\mbox  #1->\leavevmode \hbox {#1}
                                 
l.3 ...ws\+Forms\+App1.\+Bubble\+Sorter$<$ T $>$}}
                                                   \\*–†–µ–∞–ª–∏–∑–∞—Ü–∏—è —...
I've deleted a group-closing symbol because it seems to be
spurious, as in `$x}$'. But perhaps the } is legitimate and
you forgot something else, as in `\hbox{$x}'. In such cases
the way to recover is to insert both the forgotten and the
deleted material, e.g., by typing `I$}'.


! Package inputenc Error: Unicode character –† (U+0420)
(inputenc)                not set up for use with LaTeX.

See the inputenc package documentation for explanation.
Type  H <return>  for immediate help.
 ...                                              
                                                  
l.3 ...rms\+App1.\+Bubble\+Sorter$<$ T $>$}} \\*–†
                                                  –µ–∞–ª–∏–∑–∞—Ü–∏—è —Å–æ—Ä—...

You may provide a definition with
\DeclareUnicodeCharacter 


! Package inputenc Error: Unicode character –µ (U+0435)
(inputenc)                not set up for use with LaTeX.

See the inputenc package documentation for explanation.
Type  H <return>  for immediate help.
 ...                                              
                                                  
l.3 ...s\+App1.\+Bubble\+Sorter$<$ T $>$}} \\*–†–µ
                                                  –∞–ª–∏–∑–∞—Ü–∏—è —Å–æ—Ä—Ç–...

You may provide a definition with
\DeclareUnicodeCharacter 


! Package inputenc Error: Unicode character –∞ (U+0430)
(inputenc)                not set up for use with LaTeX.

See the inputenc package documentation for explanation.
Type  H <return>  for immediate help.
 ...                                              
                                                  
l.3 ...+App1.\+Bubble\+Sorter$<$ T $>$}} \\*–†–µ–∞
                                                  –ª–∏–∑–∞—Ü–∏—è —Å–æ—Ä—Ç–∏—...

You may provide a definition with
\DeclareUnicodeCharacter 


! Package inputenc Error: Unicode character –ª (U+043B)
(inputenc)                not set up for use with LaTeX.

See the inputenc package documentation for explanation.
Type  H <return>  for immediate help.
 ...                                              
                                                  
l.3 ...pp1.\+Bubble\+Sorter$<$ T $>$}} \\*–†–µ–∞–ª
                                                  –∏–∑–∞—Ü–∏—è —Å–æ—Ä—Ç–∏—Ä–...

You may provide a definition with
\DeclareUnicodeCharacter 


! Package inputenc Error: Unicode character –∏ (U+0438)
(inputenc)                not set up for use with LaTeX.

See the inputenc package documentation for explanation.
Type  H <return>  for immediate help.
 ...                                              
                                                  
l.3 ...1.\+Bubble\+Sorter$<$ T $>$}} \\*–†–µ–∞–ª–∏
                                                  –∑–∞—Ü–∏—è —Å–æ—Ä—Ç–∏—Ä–æ–...

You may provide a definition with
\DeclareUnicodeCharacter 


! Package inputenc Error: Unicode character –∑ (U+0437)
(inputenc)                not set up for use with LaTeX.

See the inputenc package documentation for explanation.
Type  H <return>  for immediate help.
 ...                                              
                                                  
l.3 ...\+Bubble\+Sorter$<$ T $>$}} \\*–†–µ–∞–ª–∏–∑
                                                  –∞—Ü–∏—è —Å–æ—Ä—Ç–∏—Ä–æ–≤–...

You may provide a definition with
\DeclareUnicodeCharacter 


! Package inputenc Error: Unicode character –∞ (U+0430)
(inputenc)                not set up for use with LaTeX.

See the inputenc package documentation for explanation.
Type  H <return>  for immediate help.
 ...                                              
                                                  
l.3 ...Bubble\+Sorter$<$ T $>$}} \\*–†–µ–∞–ª–∏–∑–∞
                                                  —Ü–∏—è —Å–æ—Ä—Ç–∏—Ä–æ–≤–∫–...

You may provide a definition with
\DeclareUnicodeCharacter 


! Package inputenc Error: Unicode character —Ü (U+0446)
(inputenc)                not set up for use with LaTeX.

See the inputenc package documentation for explanation.
Type  H <return>  for immediate help.
 ...                                              
                                                  
l.3 ...bble\+Sorter$<$ T $>$}} \\*–†–µ–∞–ª–∏–∑–∞—Ü
                                                  –∏—è —Å–æ—Ä—Ç–∏—Ä–æ–≤–∫–∏ ...

You may provide a definition with
\DeclareUnicodeCharacter 


! Package inputenc Error: Unicode character –∏ (U+0438)
(inputenc)                not set up for use with LaTeX.

See the inputenc package documentation for explanation.
Type  H <return>  for immediate help.
 ...                                              
                                                  
l.3 ...le\+Sorter$<$ T $>$}} \\*–†–µ–∞–ª–∏–∑–∞—Ü–∏
                                                  —è —Å–æ—Ä—Ç–∏—Ä–æ–≤–∫–∏ –¥...

You may provide a definition with
\DeclareUnicodeCharacter 


! Package inputenc Error: Unicode character —è (U+044F)
(inputenc)                not set up for use with LaTeX.

See the inputenc package documentation for explanation.
Type  H <return>  for immediate help.
 ...                                              
                                                  
l.3 ...\+Sorter$<$ T $>$}} \\*–†–µ–∞–ª–∏–∑–∞—Ü–∏—è
                                                   —Å–æ—Ä—Ç–∏—Ä–æ–≤–∫–∏ –¥–ª...

You may provide a definition with
\DeclareUnicodeCharacter 


! Package inputenc Error: Unicode character —Å (U+0441)
(inputenc)                not set up for use with LaTeX.

See the inputenc package documentation for explanation.
Type  H <return>  for immediate help.
 ...                                              
                                                  
l.3 ...orter$<$ T $>$}} \\*–†–µ–∞–ª–∏–∑–∞—Ü–∏—è —Å
                                                  –æ—Ä—Ç–∏—Ä–æ–≤–∫–∏ –¥–ª—è ...

You may provide a definition with
\DeclareUnicodeCharacter 


! Package inputenc Error: Unicode character –æ (U+043E)
(inputenc)                not set up for use with LaTeX.

See the inputenc package documentation for explanation.
Type  H <return>  for immediate help.
 ...                                              
                                                  
l.3 ...ter$<$ T $>$}} \\*–†–µ–∞–ª–∏–∑–∞—Ü–∏—è —Å–æ
                                                  —Ä—Ç–∏—Ä–æ–≤–∫–∏ –¥–ª—è —ç...

You may provide a definition with
\DeclareUnicodeCharacter 


! Package inputenc Error: Unicode character —Ä (U+0440)
(inputenc)                not set up for use with LaTeX.

See the inputenc package documentation for explanation.
Type  H <return>  for immediate help.
 ...                                              
                                                  
l.3 ...r$<$ T $>$}} \\*–†–µ–∞–ª–∏–∑–∞—Ü–∏—è —Å–æ—Ä
                                                  —Ç–∏—Ä–æ–≤–∫–∏ –¥–ª—è —ç–ª...

You may provide a definition with
\DeclareUnicodeCharacter 


! Package inputenc Error: Unicode character —Ç (U+0442)
(inputenc)                not set up for use with LaTeX.

See the inputenc package documentation for explanation.
Type  H <return>  for immediate help.
 ...                                              
                                                  
l.3 ...<$ T $>$}} \\*–†–µ–∞–ª–∏–∑–∞—Ü–∏—è —Å–æ—Ä—Ç
                                                  –∏—Ä–æ–≤–∫–∏ –¥–ª—è —ç–ª–µ...

You may provide a definition with
\DeclareUnicodeCharacter 


! Package inputenc Error: Unicode character –∏ (U+0438)
(inputenc)                not set up for use with LaTeX.

See the inputenc package documentation for explanation.
Type  H <return>  for immediate help.
 ...                                              
                                                  
l.3 ... T $>$}} \\*–†–µ–∞–ª–∏–∑–∞—Ü–∏—è —Å–æ—Ä—Ç–∏
                                                  —Ä–æ–≤–∫–∏ –¥–ª—è —ç–ª–µ–º...

You may provide a definition with
\DeclareUnicodeCharacter 


! Package inputenc Error: Unicode character —Ä (U+0440)
(inputenc)                not set up for use with LaTeX.

See the inputenc package documentation for explanation.
Type  H <return>  for immediate help.
 ...                                              
                                                  
l.3 ... $>$}} \\*–†–µ–∞–ª–∏–∑–∞—Ü–∏—è —Å–æ—Ä—Ç–∏—Ä
                                                  –æ–≤–∫–∏ –¥–ª—è —ç–ª–µ–º–µ...

You may provide a definition with
\DeclareUnicodeCharacter 


! Package inputenc Error: Unicode character –æ (U+043E)
(inputenc)                not set up for use with LaTeX.

See the inputenc package documentation for explanation.
Type  H <return>  for immediate help.
 ...                                              
                                                  
l.3 ...>$}} \\*–†–µ–∞–ª–∏–∑–∞—Ü–∏—è —Å–æ—Ä—Ç–∏—Ä–æ
                                                  –≤–∫–∏ –¥–ª—è —ç–ª–µ–º–µ–Ω...

You may provide a definition with
\DeclareUnicodeCharacter 


! Package inputenc Error: Unicode character –≤ (U+0432)
(inputenc)                not set up for use with LaTeX.

See the inputenc package documentation for explanation.
Type  H <return>  for immediate help.
 ...                                              
                                                  
l.3 ...}} \\*–†–µ–∞–ª–∏–∑–∞—Ü–∏—è —Å–æ—Ä—Ç–∏—Ä–æ–≤
                                                  –∫–∏ –¥–ª—è —ç–ª–µ–º–µ–Ω—Ç...

You may provide a definition with
\DeclareUnicodeCharacter 


! Package inputenc Error: Unicode character –∫ (U+043A)
(inputenc)                not set up for use with LaTeX.

See the inputenc package documentation for explanation.
Type  H <return>  for immediate help.
 ...                                              
                                                  
l.3 ... \\*–†–µ–∞–ª–∏–∑–∞—Ü–∏—è —Å–æ—Ä—Ç–∏—Ä–æ–≤–∫
                                                  –∏ –¥–ª—è —ç–ª–µ–º–µ–Ω—Ç–æ...

You may provide a definition with
\DeclareUnicodeCharacter 


! Package inputenc Error: Unicode character –∏ (U+0438)
(inputenc)                not set up for use with LaTeX.

See the inputenc package documentation for explanation.
Type  H <return>  for immediate help.
 ...                                              
                                                  
l.3 ...\*–†–µ–∞–ª–∏–∑–∞—Ü–∏—è —Å–æ—Ä—Ç–∏—Ä–æ–≤–∫–∏
                                                   –¥–ª—è —ç–ª–µ–º–µ–Ω—Ç–æ–≤...

You may provide a definition with
\DeclareUnicodeCharacter 


! Package inputenc Error: Unicode character –¥ (U+0434)
(inputenc)                not set up for use with LaTeX.

See the inputenc package documentation for explanation.
Type  H <return>  for immediate help.
 ...                                              
                                                  
l.3 ...†–µ–∞–ª–∏–∑–∞—Ü–∏—è —Å–æ—Ä—Ç–∏—Ä–æ–≤–∫–∏ –¥
                                                  –ª—è —ç–ª–µ–º–µ–Ω—Ç–æ–≤ —Ç...

You may provide a definition with
\DeclareUnicodeCharacter 


! Package inputenc Error: Unicode character –ª (U+043B)
(inputenc)                not set up for use with LaTeX.

See the inputenc package documentation for explanation.
Type  H <return>  for immediate help.
 ...                                              
                                                  
l.3 ...µ–∞–ª–∏–∑–∞—Ü–∏—è —Å–æ—Ä—Ç–∏—Ä–æ–≤–∫–∏ –¥–ª
                                                  —è —ç–ª–µ–º–µ–Ω—Ç–æ–≤ —Ç–∏...

You may provide a definition with
\DeclareUnicodeCharacter 


! Package inputenc Error: Unicode character —è (U+044F)
(inputenc)                not set up for use with LaTeX.

See the inputenc package documentation for explanation.
Type  H <return>  for immediate help.
 ...                                              
                                                  
l.3 ...∞–ª–∏–∑–∞—Ü–∏—è —Å–æ—Ä—Ç–∏—Ä–æ–≤–∫–∏ –¥–ª—è
                                                   —ç–ª–µ–º–µ–Ω—Ç–æ–≤ —Ç–∏–ø...

You may provide a definition with
\DeclareUnicodeCharacter 


! Package inputenc Error: Unicode character —ç (U+044D)
(inputenc)                not set up for use with LaTeX.

See the inputenc package documentation for explanation.
Type  H <return>  for immediate help.
 ...                                              
                                                  
l.3 ...–∏–∑–∞—Ü–∏—è —Å–æ—Ä—Ç–∏—Ä–æ–≤–∫–∏ –¥–ª—è —ç
                                                  –ª–µ–º–µ–Ω—Ç–æ–≤ —Ç–∏–ø–∞ ...

You may provide a definition with
\DeclareUnicodeCharacter 


! Package inputenc Error: Unicode character –ª (U+043B)
(inputenc)                not set up for use with LaTeX.

See the inputenc package documentation for explanation.
Type  H <return>  for immediate help.
 ...                                              
                                                  
l.3 ...–∑–∞—Ü–∏—è —Å–æ—Ä—Ç–∏—Ä–æ–≤–∫–∏ –¥–ª—è —ç–ª
                                                  –µ–º–µ–Ω—Ç–æ–≤ —Ç–∏–ø–∞ –¢...

You may provide a definition with
\DeclareUnicodeCharacter 


! Package inputenc Error: Unicode character –µ (U+0435)
(inputenc)                not set up for use with LaTeX.

See the inputenc package documentation for explanation.
Type  H <return>  for immediate help.
 ...                                              
                                                  
l.3 ...–∞—Ü–∏—è —Å–æ—Ä—Ç–∏—Ä–æ–≤–∫–∏ –¥–ª—è —ç–ª–µ
                                                  –º–µ–Ω—Ç–æ–≤ —Ç–∏–ø–∞ –¢. ...

You may provide a definition with
\DeclareUnicodeCharacter 


! Package inputenc Error: Unicode character –º (U+043C)
(inputenc)                not set up for use with LaTeX.

See the inputenc package documentation for explanation.
Type  H <return>  for immediate help.
 ...                                              
                                                  
l.3 ...—Ü–∏—è —Å–æ—Ä—Ç–∏—Ä–æ–≤–∫–∏ –¥–ª—è —ç–ª–µ–º
                                                  –µ–Ω—Ç–æ–≤ —Ç–∏–ø–∞ –¢. –ò...

You may provide a definition with
\DeclareUnicodeCharacter 


! Package inputenc Error: Unicode character –µ (U+0435)
(inputenc)                not set up for use with LaTeX.

See the inputenc package documentation for explanation.
Type  H <return>  for immediate help.
 ...                                              
                                                  
l.3 ...–∏—è —Å–æ—Ä—Ç–∏—Ä–æ–≤–∫–∏ –¥–ª—è —ç–ª–µ–º–µ
                                                  –Ω—Ç–æ–≤ —Ç–∏–ø–∞ –¢. –ò—Å...

You may provide a definition with
\DeclareUnicodeCharacter 


! Package inputenc Error: Unicode character –Ω (U+043D)
(inputenc)                not set up for use with LaTeX.

See the inputenc package documentation for explanation.
Type  H <return>  for immediate help.
 ...                                              
                                                  
l.3 ...—è —Å–æ—Ä—Ç–∏—Ä–æ–≤–∫–∏ –¥–ª—è —ç–ª–µ–º–µ–Ω
                                                  —Ç–æ–≤ —Ç–∏–ø–∞ –¢. –ò—Å–ø...

You may provide a definition with
\DeclareUnicodeCharacter 


! Package inputenc Error: Unicode character —Ç (U+0442)
(inputenc)                not set up for use with LaTeX.

See the inputenc package documentation for explanation.
Type  H <return>  for immediate help.
 ...                                              
                                                  
l.3 ... —Å–æ—Ä—Ç–∏—Ä–æ–≤–∫–∏ –¥–ª—è —ç–ª–µ–º–µ–Ω—Ç
                                                  –æ–≤ —Ç–∏–ø–∞ –¢. –ò—Å–ø–æ...

You may provide a definition with
\DeclareUnicodeCharacter 


! Package inputenc Error: Unicode character –æ (U+043E)
(inputenc)                not set up for use with LaTeX.

See the inputenc package documentation for explanation.
Type  H <return>  for immediate help.
 ...                                              
                                                  
l.3 ...Å–æ—Ä—Ç–∏—Ä–æ–≤–∫–∏ –¥–ª—è —ç–ª–µ–º–µ–Ω—Ç–æ
                                                  –≤ —Ç–∏–ø–∞ –¢. –ò—Å–ø–æ–ª...

You may provide a definition with
\DeclareUnicodeCharacter 


! Package inputenc Error: Unicode character –≤ (U+0432)
(inputenc)                not set up for use with LaTeX.

See the inputenc package documentation for explanation.
Type  H <return>  for immediate help.
 ...                                              
                                                  
l.3 ...æ—Ä—Ç–∏—Ä–æ–≤–∫–∏ –¥–ª—è —ç–ª–µ–º–µ–Ω—Ç–æ–≤
                                                   —Ç–∏–ø–∞ –¢. –ò—Å–ø–æ–ª—å...

You may provide a definition with
\DeclareUnicodeCharacter 


! Package inputenc Error: Unicode character —Ç (U+0442)
(inputenc)                not set up for use with LaTeX.

See the inputenc package documentation for explanation.
Type  H <return>  for immediate help.
 ...                                              
                                                  
l.3 ...—Ç–∏—Ä–æ–≤–∫–∏ –¥–ª—è —ç–ª–µ–º–µ–Ω—Ç–æ–≤ —Ç
                                                  –∏–ø–∞ –¢. –ò—Å–ø–æ–ª—å–∑—...

You may provide a definition with
\DeclareUnicodeCharacter 


! Package inputenc Error: Unicode character –∏ (U+0438)
(inputenc)                not set up for use with LaTeX.

See the inputenc package documentation for explanation.
Type  H <return>  for immediate help.
 ...                                              
                                                  
l.3 ...–∏—Ä–æ–≤–∫–∏ –¥–ª—è —ç–ª–µ–º–µ–Ω—Ç–æ–≤ —Ç–∏
                                                  –ø–∞ –¢. –ò—Å–ø–æ–ª—å–∑—É–...

You may provide a definition with
\DeclareUnicodeCharacter 


! Package inputenc Error: Unicode character –ø (U+043F)
(inputenc)                not set up for use with LaTeX.

See the inputenc package documentation for explanation.
Type  H <return>  for immediate help.
 ...                                              
                                                  
l.3 ...—Ä–æ–≤–∫–∏ –¥–ª—è —ç–ª–µ–º–µ–Ω—Ç–æ–≤ —Ç–∏–ø
                                                  –∞ –¢. –ò—Å–ø–æ–ª—å–∑—É–µ—...

You may provide a definition with
\DeclareUnicodeCharacter 


! Package inputenc Error: Unicode character –∞ (U+0430)
(inputenc)                not set up for use with LaTeX.

See the inputenc package documentation for explanation.
Type  H <return>  for immediate help.
 ...                                              
                                                  
l.3 ...–æ–≤–∫–∏ –¥–ª—è —ç–ª–µ–º–µ–Ω—Ç–æ–≤ —Ç–∏–ø–∞
                                                   –¢. –ò—Å–ø–æ–ª—å–∑—É–µ—Ç ...

You may provide a definition with
\DeclareUnicodeCharacter 


! Package inputenc Error: Unicode character –¢ (U+0422)
(inputenc)                not set up for use with LaTeX.

See the inputenc package documentation for explanation.
Type  H <return>  for immediate help.
 ...                                              
                                                  
l.3 ...≤–∫–∏ –¥–ª—è —ç–ª–µ–º–µ–Ω—Ç–æ–≤ —Ç–∏–ø–∞ –¢
                                                  . –ò—Å–ø–æ–ª—å–∑—É–µ—Ç –∞–...

You may provide a definition with
\DeclareUnicodeCharacter 


! Package inputenc Error: Unicode character –ò (U+0418)
(inputenc)                not set up for use with LaTeX.

See the inputenc package documentation for explanation.
Type  H <return>  for immediate help.
 ...                                              
                                                  
l.3 ...∏ –¥–ª—è —ç–ª–µ–º–µ–Ω—Ç–æ–≤ —Ç–∏–ø–∞ –¢. –ò
                                                  —Å–ø–æ–ª—å–∑—É–µ—Ç –∞–ª–≥–...

You may provide a definition with
\DeclareUnicodeCharacter 


! Package inputenc Error: Unicode character —Å (U+0441)
(inputenc)                not set up for use with LaTeX.

See the inputenc package documentation for explanation.
Type  H <return>  for immediate help.
 ...                                              
                                                  
l.3 ...–¥–ª—è —ç–ª–µ–º–µ–Ω—Ç–æ–≤ —Ç–∏–ø–∞ –¢. –ò—Å
                                                  –ø–æ–ª—å–∑—É–µ—Ç –∞–ª–≥–æ—...

You may provide a definition with
\DeclareUnicodeCharacter 


! Package inputenc Error: Unicode character –ø (U+043F)
(inputenc)                not set up for use with LaTeX.

See the inputenc package documentation for explanation.
Type  H <return>  for immediate help.
 ...                                              
                                                  
l.3 ...–ª—è —ç–ª–µ–º–µ–Ω—Ç–æ–≤ —Ç–∏–ø–∞ –¢. –ò—Å–ø
                                                  –æ–ª—å–∑—É–µ—Ç –∞–ª–≥–æ—Ä–...

You may provide a definition with
\DeclareUnicodeCharacter 


! Package inputenc Error: Unicode character –æ (U+043E)
(inputenc)                not set up for use with LaTeX.

See the inputenc package documentation for explanation.
Type  H <return>  for immediate help.
 ...                                              
                                                  
l.3 ...—è —ç–ª–µ–º–µ–Ω—Ç–æ–≤ —Ç–∏–ø–∞ –¢. –ò—Å–ø–æ
                                                  –ª—å–∑—É–µ—Ç –∞–ª–≥–æ—Ä–∏—...

You may provide a definition with
\DeclareUnicodeCharacter 


! Package inputenc Error: Unicode character –ª (U+043B)
(inputenc)                not set up for use with LaTeX.

See the inputenc package documentation for explanation.
Type  H <return>  for immediate help.
 ...                                              
                                                  
l.3 ... —ç–ª–µ–º–µ–Ω—Ç–æ–≤ —Ç–∏–ø–∞ –¢. –ò—Å–ø–æ–ª
                                                  —å–∑—É–µ—Ç –∞–ª–≥–æ—Ä–∏—Ç–...

You may provide a definition with
\DeclareUnicodeCharacter 


! Package inputenc Error: Unicode character —å (U+044C)
(inputenc)                not set up for use with LaTeX.

See the inputenc package documentation for explanation.
Type  H <return>  for immediate help.
 ...                                              
                                                  
l.3 ...ç–ª–µ–º–µ–Ω—Ç–æ–≤ —Ç–∏–ø–∞ –¢. –ò—Å–ø–æ–ª—å
                                                  –∑—É–µ—Ç –∞–ª–≥–æ—Ä–∏—Ç–º ...

You may provide a definition with
\DeclareUnicodeCharacter 


! Package inputenc Error: Unicode character –∑ (U+0437)
(inputenc)                not set up for use with LaTeX.

See the inputenc package documentation for explanation.
Type  H <return>  for immediate help.
 ...                                              
                                                  
l.3 ...ª–µ–º–µ–Ω—Ç–æ–≤ —Ç–∏–ø–∞ –¢. –ò—Å–ø–æ–ª—å–∑
                                                  —É–µ—Ç –∞–ª–≥–æ—Ä–∏—Ç–º —Å...

You may provide a definition with
\DeclareUnicodeCharacter 


! Package inputenc Error: Unicode character —É (U+0443)
(inputenc)                not set up for use with LaTeX.

See the inputenc package documentation for explanation.
Type  H <return>  for immediate help.
 ...                                              
                                                  
l.3 ...µ–º–µ–Ω—Ç–æ–≤ —Ç–∏–ø–∞ –¢. –ò—Å–ø–æ–ª—å–∑—É
                                                  –µ—Ç –∞–ª–≥–æ—Ä–∏—Ç–º —Å–æ...

You may provide a definition with
\DeclareUnicodeCharacter 


! Package inputenc Error: Unicode character –µ (U+0435)
(inputenc)                not set up for use with LaTeX.

See the inputenc package documentation for explanation.
Type  H <return>  for immediate help.
 ...                                              
                                                  
l.3 ...º–µ–Ω—Ç–æ–≤ —Ç–∏–ø–∞ –¢. –ò—Å–ø–æ–ª—å–∑—É–µ
                                                  —Ç –∞–ª–≥–æ—Ä–∏—Ç–º —Å–æ—Ä...

You may provide a definition with
\DeclareUnicodeCharacter 


! Package inputenc Error: Unicode character —Ç (U+0442)
(inputenc)                not set up for use with LaTeX.

See the inputenc package documentation for explanation.
Type  H <return>  for immediate help.
 ...                                              
                                                  
l.3 ...µ–Ω—Ç–æ–≤ —Ç–∏–ø–∞ –¢. –ò—Å–ø–æ–ª—å–∑—É–µ—Ç
                                                   –∞–ª–≥–æ—Ä–∏—Ç–º —Å–æ—Ä—Ç...

You may provide a definition with
\DeclareUnicodeCharacter 


! Package inputenc Error: Unicode character –∞ (U+0430)
(inputenc)                not set up for use with LaTeX.

See the inputenc package documentation for explanation.
Type  H <return>  for immediate help.
 ...                                              
                                                  
l.3 ...—Ç–æ–≤ —Ç–∏–ø–∞ –¢. –ò—Å–ø–æ–ª—å–∑—É–µ—Ç –∞
                                                  –ª–≥–æ—Ä–∏—Ç–º —Å–æ—Ä—Ç–∏—...

You may provide a definition with
\DeclareUnicodeCharacter 


! Package inputenc Error: Unicode character –ª (U+043B)
(inputenc)                not set up for use with LaTeX.

See the inputenc package documentation for explanation.
Type  H <return>  for immediate help.
 ...                                              
                                                  
l.3 ...–æ–≤ —Ç–∏–ø–∞ –¢. –ò—Å–ø–æ–ª—å–∑—É–µ—Ç –∞–ª
                                                  –≥–æ—Ä–∏—Ç–º —Å–æ—Ä—Ç–∏—Ä–...

You may provide a definition with
\DeclareUnicodeCharacter 


! Package inputenc Error: Unicode character –≥ (U+0433)
(inputenc)                not set up for use with LaTeX.

See the inputenc package documentation for explanation.
Type  H <return>  for immediate help.
 ...                                              
                                                  
l.3 ...–≤ —Ç–∏–ø–∞ –¢. –ò—Å–ø–æ–ª—å–∑—É–µ—Ç –∞–ª–≥
                                                  –æ—Ä–∏—Ç–º —Å–æ—Ä—Ç–∏—Ä–æ–...

You may provide a definition with
\DeclareUnicodeCharacter 


! Package inputenc Error: Unicode character –æ (U+043E)
(inputenc)                not set up for use with LaTeX.

See the inputenc package documentation for explanation.
Type  H <return>  for immediate help.
 ...                                              
                                                  
l.3 ... —Ç–∏–ø–∞ –¢. –ò—Å–ø–æ–ª—å–∑—É–µ—Ç –∞–ª–≥–æ
                                                  —Ä–∏—Ç–º —Å–æ—Ä—Ç–∏—Ä–æ–≤–...

You may provide a definition with
\DeclareUnicodeCharacter 


! Package inputenc Error: Unicode character —Ä (U+0440)
(inputenc)                not set up for use with LaTeX.

See the inputenc package documentation for explanation.
Type  H <return>  for immediate help.
 ...                                              
                                                  
l.3 ...Ç–∏–ø–∞ –¢. –ò—Å–ø–æ–ª—å–∑—É–µ—Ç –∞–ª–≥–æ—Ä
                                                  –∏—Ç–º —Å–æ—Ä—Ç–∏—Ä–æ–≤–∫–...

You may provide a definition with
\DeclareUnicodeCharacter 


! Package inputenc Error: Unicode character –∏ (U+0438)
(inputenc)                not set up for use with LaTeX.

See the inputenc package documentation for explanation.
Type  H <return>  for immediate help.
 ...                                              
                                                  
l.3 ...∏–ø–∞ –¢. –ò—Å–ø–æ–ª—å–∑—É–µ—Ç –∞–ª–≥–æ—Ä–∏
                                                  —Ç–º —Å–æ—Ä—Ç–∏—Ä–æ–≤–∫–∏ ...

You may provide a definition with
\DeclareUnicodeCharacter 


! Package inputenc Error: Unicode character —Ç (U+0442)
(inputenc)                not set up for use with LaTeX.

See the inputenc package documentation for explanation.
Type  H <return>  for immediate help.
 ...                                              
                                                  
l.3 ...ø–∞ –¢. –ò—Å–ø–æ–ª—å–∑—É–µ—Ç –∞–ª–≥–æ—Ä–∏—Ç
                                                  –º —Å–æ—Ä—Ç–∏—Ä–æ–≤–∫–∏ –ø...

You may provide a definition with
\DeclareUnicodeCharacter 


! Package inputenc Error: Unicode character –º (U+043C)
(inputenc)                not set up for use with LaTeX.

See the inputenc package documentation for explanation.
Type  H <return>  for immediate help.
 ...                                              
                                                  
l.3 ...∞ –¢. –ò—Å–ø–æ–ª—å–∑—É–µ—Ç –∞–ª–≥–æ—Ä–∏—Ç–º
                                                   —Å–æ—Ä—Ç–∏—Ä–æ–≤–∫–∏ –ø—É...

You may provide a definition with
\DeclareUnicodeCharacter 


! Package inputenc Error: Unicode character —Å (U+0441)
(inputenc)                not set up for use with LaTeX.

See the inputenc package documentation for explanation.
Type  H <return>  for immediate help.
 ...                                              
                                                  
l.3 ...¢. –ò—Å–ø–æ–ª—å–∑—É–µ—Ç –∞–ª–≥–æ—Ä–∏—Ç–º —Å
                                                  –æ—Ä—Ç–∏—Ä–æ–≤–∫–∏ –ø—É–∑—...

You may provide a definition with
\DeclareUnicodeCharacter 


! Package inputenc Error: Unicode character –æ (U+043E)
(inputenc)                not set up for use with LaTeX.

See the inputenc package documentation for explanation.
Type  H <return>  for immediate help.
 ...                                              
                                                  
l.3 ... –ò—Å–ø–æ–ª—å–∑—É–µ—Ç –∞–ª–≥–æ—Ä–∏—Ç–º —Å–æ
                                                  —Ä—Ç–∏—Ä–æ–≤–∫–∏ –ø—É–∑—ã—...

You may provide a definition with
\DeclareUnicodeCharacter 


! Package inputenc Error: Unicode character —Ä (U+0440)
(inputenc)                not set up for use with LaTeX.

See the inputenc package documentation for explanation.
Type  H <return>  for immediate help.
 ...                                              
                                                  
l.3 ...ò—Å–ø–æ–ª—å–∑—É–µ—Ç –∞–ª–≥–æ—Ä–∏—Ç–º —Å–æ—Ä
                                                  —Ç–∏—Ä–æ–≤–∫–∏ –ø—É–∑—ã—Ä—...

You may provide a definition with
\DeclareUnicodeCharacter 


! Package inputenc Error: Unicode character —Ç (U+0442)
(inputenc)                not set up for use with LaTeX.

See the inputenc package documentation for explanation.
Type  H <return>  for immediate help.
 ...                                              
                                                  
l.3 ...Å–ø–æ–ª—å–∑—É–µ—Ç –∞–ª–≥–æ—Ä–∏—Ç–º —Å–æ—Ä—Ç
                                                  –∏—Ä–æ–≤–∫–∏ –ø—É–∑—ã—Ä—å–...

You may provide a definition with
\DeclareUnicodeCharacter 


! Package inputenc Error: Unicode character –∏ (U+0438)
(inputenc)                not set up for use with LaTeX.

See the inputenc package documentation for explanation.
Type  H <return>  for immediate help.
 ...                                              
                                                  
l.3 ...ø–æ–ª—å–∑—É–µ—Ç –∞–ª–≥–æ—Ä–∏—Ç–º —Å–æ—Ä—Ç–∏
                                                  —Ä–æ–≤–∫–∏ –ø—É–∑—ã—Ä—å–∫–...

You may provide a definition with
\DeclareUnicodeCharacter 


! Package inputenc Error: Unicode character —Ä (U+0440)
(inputenc)                not set up for use with LaTeX.

See the inputenc package documentation for explanation.
Type  H <return>  for immediate help.
 ...                                              
                                                  
l.3 ...æ–ª—å–∑—É–µ—Ç –∞–ª–≥–æ—Ä–∏—Ç–º —Å–æ—Ä—Ç–∏—Ä
                                                  –æ–≤–∫–∏ –ø—É–∑—ã—Ä—å–∫–æ–...

You may provide a definition with
\DeclareUnicodeCharacter 


! Package inputenc Error: Unicode character –æ (U+043E)
(inputenc)                not set up for use with LaTeX.

See the inputenc package documentation for explanation.
Type  H <return>  for immediate help.
 ...                                              
                                                  
l.3 ...ª—å–∑—É–µ—Ç –∞–ª–≥–æ—Ä–∏—Ç–º —Å–æ—Ä—Ç–∏—Ä–æ
                                                  –≤–∫–∏ –ø—É–∑—ã—Ä—å–∫–æ–º....

You may provide a definition with
\DeclareUnicodeCharacter 


! Package inputenc Error: Unicode character –≤ (U+0432)
(inputenc)                not set up for use with LaTeX.

See the inputenc package documentation for explanation.
Type  H <return>  for immediate help.
 ...                                              
                                                  
l.3 ...å–∑—É–µ—Ç –∞–ª–≥–æ—Ä–∏—Ç–º —Å–æ—Ä—Ç–∏—Ä–æ–≤
                                                  –∫–∏ –ø—É–∑—ã—Ä—å–∫–æ–º. –...

You may provide a definition with
\DeclareUnicodeCharacter 


! Package inputenc Error: Unicode character –∫ (U+043A)
(inputenc)                not set up for use with LaTeX.

See the inputenc package documentation for explanation.
Type  H <return>  for immediate help.
 ...                                              
                                                  
l.3 ...∑—É–µ—Ç –∞–ª–≥–æ—Ä–∏—Ç–º —Å–æ—Ä—Ç–∏—Ä–æ–≤–∫
                                                  –∏ –ø—É–∑—ã—Ä—å–∫–æ–º. –ù–...

You may provide a definition with
\DeclareUnicodeCharacter 


! Package inputenc Error: Unicode character –∏ (U+0438)
(inputenc)                not set up for use with LaTeX.

See the inputenc package documentation for explanation.
Type  H <return>  for immediate help.
 ...                                              
                                                  
l.3 ...É–µ—Ç –∞–ª–≥–æ—Ä–∏—Ç–º —Å–æ—Ä—Ç–∏—Ä–æ–≤–∫–∏
                                                   –ø—É–∑—ã—Ä—å–∫–æ–º. –ù–∞—...

You may provide a definition with
\DeclareUnicodeCharacter 


! Package inputenc Error: Unicode character –ø (U+043F)
(inputenc)                not set up for use with LaTeX.

See the inputenc package documentation for explanation.
Type  H <return>  for immediate help.
 ...                                              
                                                  
l.3 ...—Ç –∞–ª–≥–æ—Ä–∏—Ç–º —Å–æ—Ä—Ç–∏—Ä–æ–≤–∫–∏ –ø
                                                  —É–∑—ã—Ä—å–∫–æ–º. –ù–∞—Å–ª...

You may provide a definition with
\DeclareUnicodeCharacter 


! Package inputenc Error: Unicode character —É (U+0443)
(inputenc)                not set up for use with LaTeX.

See the inputenc package documentation for explanation.
Type  H <return>  for immediate help.
 ...                                              
                                                  
l.3 ... –∞–ª–≥–æ—Ä–∏—Ç–º —Å–æ—Ä—Ç–∏—Ä–æ–≤–∫–∏ –ø—É
                                                  –∑—ã—Ä—å–∫–æ–º. –ù–∞—Å–ª–µ...

You may provide a definition with
\DeclareUnicodeCharacter 


! Package inputenc Error: Unicode character –∑ (U+0437)
(inputenc)                not set up for use with LaTeX.

See the inputenc package documentation for explanation.
Type  H <return>  for immediate help.
 ...                                              
                                                  
l.3 ...∞–ª–≥–æ—Ä–∏—Ç–º —Å–æ—Ä—Ç–∏—Ä–æ–≤–∫–∏ –ø—É–∑
                                                  —ã—Ä—å–∫–æ–º. –ù–∞—Å–ª–µ–¥...

You may provide a definition with
\DeclareUnicodeCharacter 


! Package inputenc Error: Unicode character —ã (U+044B)
(inputenc)                not set up for use with LaTeX.

See the inputenc package documentation for explanation.
Type  H <return>  for immediate help.
 ...                                              
                                                  
l.3 ...ª–≥–æ—Ä–∏—Ç–º —Å–æ—Ä—Ç–∏—Ä–æ–≤–∫–∏ –ø—É–∑—ã
                                                  —Ä—å–∫–æ–º. –ù–∞—Å–ª–µ–¥—É...

You may provide a definition with
\DeclareUnicodeCharacter 


! Package inputenc Error: Unicode character —Ä (U+0440)
(inputenc)                not set up for use with LaTeX.

See the inputenc package documentation for explanation.
Type  H <return>  for immediate help.
 ...                                              
                                                  
l.3 ...≥–æ—Ä–∏—Ç–º —Å–æ—Ä—Ç–∏—Ä–æ–≤–∫–∏ –ø—É–∑—ã—Ä
                                                  —å–∫–æ–º. –ù–∞—Å–ª–µ–¥—É–µ...

You may provide a definition with
\DeclareUnicodeCharacter 


! Package inputenc Error: Unicode character —å (U+044C)
(inputenc)                not set up for use with LaTeX.

See the inputenc package documentation for explanation.
Type  H <return>  for immediate help.
 ...                                              
                                                  
l.3 ...æ—Ä–∏—Ç–º —Å–æ—Ä—Ç–∏—Ä–æ–≤–∫–∏ –ø—É–∑—ã—Ä—å
                                                  –∫–æ–º. –ù–∞—Å–ª–µ–¥—É–µ—Ç...

You may provide a definition with
\DeclareUnicodeCharacter 


! Package inputenc Error: Unicode character –∫ (U+043A)
(inputenc)                not set up for use with LaTeX.

See the inputenc package documentation for explanation.
Type  H <return>  for immediate help.
 ...                                              
                                                  
l.3 ...Ä–∏—Ç–º —Å–æ—Ä—Ç–∏—Ä–æ–≤–∫–∏ –ø—É–∑—ã—Ä—å–∫
                                                  –æ–º. –ù–∞—Å–ª–µ–¥—É–µ—Ç—Å...

You may provide a definition with
\DeclareUnicodeCharacter 


! Package inputenc Error: Unicode character –æ (U+043E)
(inputenc)                not set up for use with LaTeX.

See the inputenc package documentation for explanation.
Type  H <return>  for immediate help.
 ...                                              
                                                  
l.3 ...∏—Ç–º —Å–æ—Ä—Ç–∏—Ä–æ–≤–∫–∏ –ø—É–∑—ã—Ä—å–∫–æ
                                                  –º. –ù–∞—Å–ª–µ–¥—É–µ—Ç—Å—è...

You may provide a definition with
\DeclareUnicodeCharacter 


! Package inputenc Error: Unicode character –º (U+043C)
(inputenc)                not set up for use with LaTeX.

See the inputenc package documentation for explanation.
Type  H <return>  for immediate help.
 ...                                              
                                                  
l.3 ...Ç–º —Å–æ—Ä—Ç–∏—Ä–æ–≤–∫–∏ –ø—É–∑—ã—Ä—å–∫–æ–º
                                                  . –ù–∞—Å–ª–µ–¥—É–µ—Ç—Å—è –...

You may provide a definition with
\DeclareUnicodeCharacter 


! Package inputenc Error: Unicode character –ù (U+041D)
(inputenc)                not set up for use with LaTeX.

See the inputenc package documentation for explanation.
Type  H <return>  for immediate help.
 ...                                              
                                                  
l.3 ...—Å–æ—Ä—Ç–∏—Ä–æ–≤–∫–∏ –ø—É–∑—ã—Ä—å–∫–æ–º. –ù
                                                  –∞—Å–ª–µ–¥—É–µ—Ç—Å—è –æ—Ç ...

You may provide a definition with
\DeclareUnicodeCharacter 


! Package inputenc Error: Unicode character –∞ (U+0430)
(inputenc)                not set up for use with LaTeX.

See the inputenc package documentation for explanation.
Type  H <return>  for immediate help.
 ...                                              
                                                  
l.3 ...–æ—Ä—Ç–∏—Ä–æ–≤–∫–∏ –ø—É–∑—ã—Ä—å–∫–æ–º. –ù–∞
                                                  —Å–ª–µ–¥—É–µ—Ç—Å—è –æ—Ç \m...

You may provide a definition with
\DeclareUnicodeCharacter 


! Package inputenc Error: Unicode character —Å (U+0441)
(inputenc)                not set up for use with LaTeX.

See the inputenc package documentation for explanation.
Type  H <return>  for immediate help.
 ...                                              
                                                  
l.3 ...—Ä—Ç–∏—Ä–æ–≤–∫–∏ –ø—É–∑—ã—Ä—å–∫–æ–º. –ù–∞—Å
                                                  –ª–µ–¥—É–µ—Ç—Å—è –æ—Ç \mbo...

You may provide a definition with
\DeclareUnicodeCharacter 


! Package inputenc Error: Unicode character –ª (U+043B)
(inputenc)                not set up for use with LaTeX.

See the inputenc package documentation for explanation.
Type  H <return>  for immediate help.
 ...                                              
                                                  
l.3 ...—Ç–∏—Ä–æ–≤–∫–∏ –ø—É–∑—ã—Ä—å–∫–æ–º. –ù–∞—Å–ª
                                                  –µ–¥—É–µ—Ç—Å—è –æ—Ç \mbox{...

You may provide a definition with
\DeclareUnicodeCharacter 


! Package inputenc Error: Unicode character –µ (U+0435)
(inputenc)                not set up for use with LaTeX.

See the inputenc package documentation for explanation.
Type  H <return>  for immediate help.
 ...                                              
                                                  
l.3 ...–∏—Ä–æ–≤–∫–∏ –ø—É–∑—ã—Ä—å–∫–æ–º. –ù–∞—Å–ª–µ
                                                  –¥—É–µ—Ç—Å—è –æ—Ç \mbox{\h...

You may provide a definition with
\DeclareUnicodeCharacter 


! Package inputenc Error: Unicode character –¥ (U+0434)
(inputenc)                not set up for use with LaTeX.

See the inputenc package documentation for explanation.
Type  H <return>  for immediate help.
 ...                                              
                                                  
l.3 ...—Ä–æ–≤–∫–∏ –ø—É–∑—ã—Ä—å–∫–æ–º. –ù–∞—Å–ª–µ–¥
                                                  —É–µ—Ç—Å—è –æ—Ç \mbox{\hyp...

You may provide a definition with
\DeclareUnicodeCharacter 


! Package inputenc Error: Unicode character —É (U+0443)
(inputenc)                not set up for use with LaTeX.

See the inputenc package documentation for explanation.
Type  H <return>  for immediate help.
 ...                                              
                                                  
l.3 ...–æ–≤–∫–∏ –ø—É–∑—ã—Ä—å–∫–æ–º. –ù–∞—Å–ª–µ–¥—É
                                                  –µ—Ç—Å—è –æ—Ç \mbox{\hyper...

You may provide a definition with
\DeclareUnicodeCharacter 


! Package inputenc Error: Unicode character –µ (U+0435)
(inputenc)                not set up for use with LaTeX.

See the inputenc package documentation for explanation.
Type  H <return>  for immediate help.
 ...                                              
                                                  
l.3 ...–≤–∫–∏ –ø—É–∑—ã—Ä—å–∫–æ–º. –ù–∞—Å–ª–µ–¥—É–µ
                                                  —Ç—Å—è –æ—Ç \mbox{\hyperli...

You may provide a definition with
\DeclareUnicodeCharacter 


! Package inputenc Error: Unicode character —Ç (U+0442)
(inputenc)                not set up for use with LaTeX.

See the inputenc package documentation for explanation.
Type  H <return>  for immediate help.
 ...                                              
                                                  
l.3 ...–∫–∏ –ø—É–∑—ã—Ä—å–∫–æ–º. –ù–∞—Å–ª–µ–¥—É–µ—Ç
                                                  —Å—è –æ—Ç \mbox{\hyperlink...

You may provide a definition with
\DeclareUnicodeCharacter 


! Package inputenc Error: Unicode character —Å (U+0441)
(inputenc)                not set up for use with LaTeX.

See the inputenc package documentation for explanation.
Type  H <return>  for immediate help.
 ...                                              
                                                  
l.3 ...–∏ –ø—É–∑—ã—Ä—å–∫–æ–º. –ù–∞—Å–ª–µ–¥—É–µ—Ç—Å
                                                  —è –æ—Ç \mbox{\hyperlink{i...

You may provide a definition with
\DeclareUnicodeCharacter 


! Package inputenc Error: Unicode character —è (U+044F)
(inputenc)                not set up for use with LaTeX.

See the inputenc package documentation for explanation.
Type  H <return>  for immediate help.
 ...                                              
                                                  
l.3 ... –ø—É–∑—ã—Ä—å–∫–æ–º. –ù–∞—Å–ª–µ–¥—É–µ—Ç—Å—è
                                                   –æ—Ç \mbox{\hyperlink{int...

You may provide a definition with
\DeclareUnicodeCharacter 


! Package inputenc Error: Unicode character –æ (U+043E)
(inputenc)                not set up for use with LaTeX.

See the inputenc package documentation for explanation.
Type  H <return>  for immediate help.
 ...                                              
                                                  
l.3 ...—É–∑—ã—Ä—å–∫–æ–º. –ù–∞—Å–ª–µ–¥—É–µ—Ç—Å—è –æ
                                                  —Ç \mbox{\hyperlink{interf...

You may provide a definition with
\DeclareUnicodeCharacter 


! Package inputenc Error: Unicode character —Ç (U+0442)
(inputenc)                not set up for use with LaTeX.

See the inputenc package documentation for explanation.
Type  H <return>  for immediate help.
 ...                                              
                                                  
l.3 ...–∑—ã—Ä—å–∫–æ–º. –ù–∞—Å–ª–µ–¥—É–µ—Ç—Å—è –æ—Ç
                                                   \mbox{\hyperlink{interfac...
(That makes 100 errors; please try again.) 
Here is how much of TeX's memory you used:
 49 strings out of 480799
 872 string characters out of 2905514
 238747 words of memory out of 3000000
 16154 multiletter control sequences out of 15000+200000
 532338 words of font info for 24 fonts, out of 3000000 for 9000
 1141 hyphenation exceptions out of 8191
 20i,3n,15p,492b,90s stack positions out of 5000i,500n,10000p,200000b,50000s

!  ==> Fatal error occurred, no output PDF file produced!
